  [4;36;1mSQL (1.0ms)[0m   [0;1m SELECT name
 FROM sqlite_master
 WHERE type = 'table' AND NOT name = 'sqlite_sequence'
[0m
  [4;35;1mSQL (0.0ms)[0m   [0mselect sqlite_version(*)[0m
  [4;36;1mSQL (213.1ms)[0m   [0;1mCREATE TABLE "schema_migrations" ("version" varchar(255) NOT NULL) [0m
  [4;35;1mSQL (0.0ms)[0m   [0mPRAGMA index_list("schema_migrations")[0m
  [4;36;1mSQL (98.7ms)[0m   [0;1mCREATE UNIQUE INDEX "unique_schema_migrations" ON "schema_migrations" ("version")[0m
  [4;35;1mSQL (1.0ms)[0m   [0m SELECT name
 FROM sqlite_master
 WHERE type = 'table' AND NOT name = 'sqlite_sequence'
[0m
  [4;36;1mSQL (0.0ms)[0m   [0;1mSELECT version FROM schema_migrations[0m
Migrating to CreateMyposts (20150107190010)
  [4;35;1mSQL (2.0ms)[0m   [0mCREATE TABLE "myposts" ("id" INTEGER PRIMARY KEY AUTOINCREMENT NOT NULL, "title" varchar(255), "comment" text, "post_date" datetime, "created_at" datetime, "updated_at" datetime) [0m
  [4;36;1mSQL (0.0ms)[0m   [0;1mINSERT INTO schema_migrations (version) VALUES ('20150107190010')[0m
  [4;35;1mSQL (1.0ms)[0m   [0m SELECT name
 FROM sqlite_master
 WHERE type = 'table' AND NOT name = 'sqlite_sequence'
[0m
  [4;36;1mSQL (1.0ms)[0m   [0;1mSELECT version FROM schema_migrations[0m
  [4;35;1mSQL (0.0ms)[0m   [0m SELECT name
 FROM sqlite_master
 WHERE type = 'table' AND NOT name = 'sqlite_sequence'
[0m
  [4;36;1mSQL (0.0ms)[0m   [0;1mPRAGMA index_list("myposts")[0m


Processing MypostsController#index (for 127.0.0.1 at 2015-01-07 14:03:44) [GET]
  [4;36;1mMypost Load (1.0ms)[0m   [0;1mSELECT * FROM "myposts" [0m
Rendering template within layouts/myposts
Rendering myposts/index
Completed in 48ms (View: 32, DB: 1) | 200 OK [http://localhost/myposts]


Processing MypostsController#new (for 127.0.0.1 at 2015-01-07 14:03:50) [GET]
Rendering template within layouts/myposts
Rendering myposts/new
Completed in 12978ms (View: 12966, DB: 0) | 200 OK [http://localhost/myposts/new]


Processing MypostsController#create (for 127.0.0.1 at 2015-01-07 14:04:26) [POST]
  Parameters: {"mypost"=>{"post_date(3i)"=>"7", "title"=>"my 1st post", "post_date(4i)"=>"19", "post_date(1i)"=>"2015", "post_date(5i)"=>"04", "comment"=>"just got it work!", "post_date(2i)"=>"1"}, "authenticity_token"=>"BwJx6zx25DWzcr3S6VxZ08yWBzoJ7plUeRpeHHaDazU=", "commit"=>"Create"}
  [4;35;1mMypost Create (1.9ms)[0m   [0mINSERT INTO "myposts" ("title", "updated_at", "post_date", "comment", "created_at") VALUES('my 1st post', '2015-01-07 19:04:26', '2015-01-07 19:04:00', 'just got it work!', '2015-01-07 19:04:26')[0m
Redirected to http://localhost:3000/myposts/1
Completed in 132ms (DB: 2) | 302 Found [http://localhost/myposts]


Processing MypostsController#show (for 127.0.0.1 at 2015-01-07 14:04:27) [GET]
  Parameters: {"id"=>"1"}
  [4;36;1mMypost Load (0.0ms)[0m   [0;1mSELECT * FROM "myposts" WHERE ("myposts"."id" = 1) [0m
Rendering template within layouts/myposts
Rendering myposts/show
Completed in 24ms (View: 13, DB: 0) | 200 OK [http://localhost/myposts/1]


Processing MypostsController#index (for 127.0.0.1 at 2015-01-07 14:04:30) [GET]
  [4;35;1mMypost Load (1.0ms)[0m   [0mSELECT * FROM "myposts" [0m
Rendering template within layouts/myposts
Rendering myposts/index
Completed in 22ms (View: 11, DB: 1) | 200 OK [http://localhost/myposts]


Processing MypostsController#new (for 127.0.0.1 at 2015-01-07 14:04:33) [GET]
Rendering template within layouts/myposts
Rendering myposts/new
Completed in 38ms (View: 27, DB: 0) | 200 OK [http://localhost/myposts/new]


Processing MypostsController#create (for 127.0.0.1 at 2015-01-07 14:04:50) [POST]
  Parameters: {"mypost"=>{"post_date(3i)"=>"7", "title"=>"my 2nd post", "post_date(4i)"=>"19", "post_date(1i)"=>"2015", "post_date(5i)"=>"04", "comment"=>"i am happy!", "post_date(2i)"=>"1"}, "authenticity_token"=>"BwJx6zx25DWzcr3S6VxZ08yWBzoJ7plUeRpeHHaDazU=", "commit"=>"Create"}
  [4;36;1mMypost Create (1.0ms)[0m   [0;1mINSERT INTO "myposts" ("title", "updated_at", "post_date", "comment", "created_at") VALUES('my 2nd post', '2015-01-07 19:04:50', '2015-01-07 19:04:00', 'i am happy!', '2015-01-07 19:04:50')[0m
Redirected to http://localhost:3000/myposts/2
Completed in 129ms (DB: 1) | 302 Found [http://localhost/myposts]


Processing MypostsController#show (for 127.0.0.1 at 2015-01-07 14:04:51) [GET]
  Parameters: {"id"=>"2"}
  [4;35;1mMypost Load (1.0ms)[0m   [0mSELECT * FROM "myposts" WHERE ("myposts"."id" = 2) [0m
Rendering template within layouts/myposts
Rendering myposts/show
Completed in 21ms (View: 6, DB: 1) | 200 OK [http://localhost/myposts/2]


Processing MypostsController#index (for 127.0.0.1 at 2015-01-07 14:04:53) [GET]
  [4;36;1mMypost Load (1.0ms)[0m   [0;1mSELECT * FROM "myposts" [0m
Rendering template within layouts/myposts
Rendering myposts/index
Completed in 27ms (View: 17, DB: 1) | 200 OK [http://localhost/myposts]


Processing MypostsController#show (for 127.0.0.1 at 2015-01-07 14:04:56) [GET]
  Parameters: {"id"=>"1"}
  [4;35;1mMypost Load (0.0ms)[0m   [0mSELECT * FROM "myposts" WHERE ("myposts"."id" = 1) [0m
Rendering template within layouts/myposts
Rendering myposts/show
Completed in 24ms (View: 10, DB: 0) | 200 OK [http://localhost/myposts/1]


Processing MypostsController#destroy (for 127.0.0.1 at 2015-01-07 14:50:25) [DELETE]
  Parameters: {"authenticity_token"=>"BwJx6zx25DWzcr3S6VxZ08yWBzoJ7plUeRpeHHaDazU=", "id"=>"2"}
  [4;36;1mMypost Load (1.0ms)[0m   [0;1mSELECT * FROM "myposts" WHERE ("myposts"."id" = 2) [0m
  [4;35;1mMypost Destroy (2.0ms)[0m   [0mDELETE FROM "myposts" WHERE "id" = 2[0m
Redirected to http://localhost:3000/myposts
Completed in 134ms (DB: 3) | 302 Found [http://localhost/myposts/2]


Processing MypostsController#index (for 127.0.0.1 at 2015-01-07 14:50:26) [GET]
  [4;36;1mMypost Load (1.0ms)[0m   [0;1mSELECT * FROM "myposts" [0m
Rendering template within layouts/myposts
Rendering myposts/index
Completed in 23ms (View: 12, DB: 1) | 200 OK [http://localhost/myposts]


Processing MypostsController#new (for 127.0.0.1 at 2015-01-07 14:50:30) [GET]
Rendering template within layouts/myposts
Rendering myposts/new
Completed in 40ms (View: 28, DB: 0) | 200 OK [http://localhost/myposts/new]


Processing ApplicationController#index (for 127.0.0.1 at 2015-01-08 13:43:08) [GET]

ActionController::RoutingError (No route matches "/blog" with {:method=>:get}):
  C:/Users/trysail/dev/Ruby187/lib/ruby/1.8/webrick/httpserver.rb:104:in `service'
  C:/Users/trysail/dev/Ruby187/lib/ruby/1.8/webrick/httpserver.rb:65:in `run'
  C:/Users/trysail/dev/Ruby187/lib/ruby/1.8/webrick/server.rb:173:in `start_thread'
  C:/Users/trysail/dev/Ruby187/lib/ruby/1.8/webrick/server.rb:162:in `start'
  C:/Users/trysail/dev/Ruby187/lib/ruby/1.8/webrick/server.rb:162:in `start_thread'
  C:/Users/trysail/dev/Ruby187/lib/ruby/1.8/webrick/server.rb:95:in `start'
  C:/Users/trysail/dev/Ruby187/lib/ruby/1.8/webrick/server.rb:92:in `each'
  C:/Users/trysail/dev/Ruby187/lib/ruby/1.8/webrick/server.rb:92:in `start'
  C:/Users/trysail/dev/Ruby187/lib/ruby/1.8/webrick/server.rb:23:in `start'
  C:/Users/trysail/dev/Ruby187/lib/ruby/1.8/webrick/server.rb:82:in `start'

Rendering rescues/layout (not_found)


Processing ApplicationController#index (for 127.0.0.1 at 2015-01-08 13:43:30) [GET]

ActionController::RoutingError (No route matches "/blog" with {:method=>:get}):
  C:/Users/trysail/dev/Ruby187/lib/ruby/1.8/webrick/httpserver.rb:104:in `service'
  C:/Users/trysail/dev/Ruby187/lib/ruby/1.8/webrick/httpserver.rb:65:in `run'
  C:/Users/trysail/dev/Ruby187/lib/ruby/1.8/webrick/server.rb:173:in `start_thread'
  C:/Users/trysail/dev/Ruby187/lib/ruby/1.8/webrick/server.rb:162:in `start'
  C:/Users/trysail/dev/Ruby187/lib/ruby/1.8/webrick/server.rb:162:in `start_thread'
  C:/Users/trysail/dev/Ruby187/lib/ruby/1.8/webrick/server.rb:95:in `start'
  C:/Users/trysail/dev/Ruby187/lib/ruby/1.8/webrick/server.rb:92:in `each'
  C:/Users/trysail/dev/Ruby187/lib/ruby/1.8/webrick/server.rb:92:in `start'
  C:/Users/trysail/dev/Ruby187/lib/ruby/1.8/webrick/server.rb:23:in `start'
  C:/Users/trysail/dev/Ruby187/lib/ruby/1.8/webrick/server.rb:82:in `start'

Rendering rescues/layout (not_found)


Processing MypostsController#index (for 127.0.0.1 at 2015-01-08 13:44:03) [GET]
  [4;35;1mMypost Load (1.0ms)[0m   [0mSELECT * FROM "myposts" [0m
Rendering template within layouts/myposts
Rendering myposts/index
Completed in 28ms (View: 12, DB: 1) | 200 OK [http://localhost/myposts]


Processing ApplicationController#index (for 127.0.0.1 at 2015-01-08 13:44:07) [GET]

ActionController::RoutingError (No route matches "/mypost" with {:method=>:get}):
  C:/Users/trysail/dev/Ruby187/lib/ruby/1.8/webrick/httpserver.rb:104:in `service'
  C:/Users/trysail/dev/Ruby187/lib/ruby/1.8/webrick/httpserver.rb:65:in `run'
  C:/Users/trysail/dev/Ruby187/lib/ruby/1.8/webrick/server.rb:173:in `start_thread'
  C:/Users/trysail/dev/Ruby187/lib/ruby/1.8/webrick/server.rb:162:in `start'
  C:/Users/trysail/dev/Ruby187/lib/ruby/1.8/webrick/server.rb:162:in `start_thread'
  C:/Users/trysail/dev/Ruby187/lib/ruby/1.8/webrick/server.rb:95:in `start'
  C:/Users/trysail/dev/Ruby187/lib/ruby/1.8/webrick/server.rb:92:in `each'
  C:/Users/trysail/dev/Ruby187/lib/ruby/1.8/webrick/server.rb:92:in `start'
  C:/Users/trysail/dev/Ruby187/lib/ruby/1.8/webrick/server.rb:23:in `start'
  C:/Users/trysail/dev/Ruby187/lib/ruby/1.8/webrick/server.rb:82:in `start'

Rendering rescues/layout (not_found)


Processing MypostsController#index (for 127.0.0.1 at 2015-01-08 13:44:12) [GET]
  [4;36;1mMypost Load (1.0ms)[0m   [0;1mSELECT * FROM "myposts" [0m
Rendering template within layouts/myposts
Rendering myposts/index
Completed in 30ms (View: 14, DB: 1) | 200 OK [http://localhost/myposts]
